This is pdfTeX, Version 3.141592653-2.6-1.40.22 (TeX Live 2022/dev/Debian) (preloaded format=pdflatex 2023.4.14)  1 MAY 2023 14:21
entering extended mode
 \write18 enabled.
 %&-line parsing enabled.
**zathurarc
(./zathurarc
LaTeX2e <2021-11-15> patch level 1
L3 programming layer <2022-01-21>
! You can't use `macro parameter character #' in vertical mode.
l.1 #
      Zathura configuration file
? 
! Emergency stop.
l.1 #
      Zathura configuration file
End of file on the terminal!

 
Here is how much of TeX's memory you used:
 16 strings out of 480247
 398 string characters out of 5896151
 283961 words of memory out of 5000000
 18060 multiletter control sequences out of 15000+600000
 469259 words of font info for 28 fonts, out of 8000000 for 9000
 14 hyphenation exceptions out of 8191
 13i,0n,12p,69b,10s stack positions out of 5000i,500n,10000p,200000b,80000s
!  ==> Fatal error occurred, no output PDF file produced!
